#
# There is insufficient memory for the Java Runtime Environment to continue.
# Native memory allocation (mmap) failed to map 65536 bytes for Failed to commit metaspace.
# Possible reasons:
#   The system is out of physical RAM or swap space
#   The process is running with CompressedOops enabled, and the Java Heap may be blocking the growth of the native heap
# Possible solutions:
#   Reduce memory load on the system
#   Increase physical memory or swap space
#   Check if swap backing store is full
#   Decrease Java heap size (-Xmx/-Xms)
#   Decrease number of Java threads
#   Decrease Java thread stack sizes (-Xss)
#   Set larger code cache with -XX:ReservedCodeCacheSize=
#   JVM is running with Zero Based Compressed Oops mode in which the Java heap is
#     placed in the first 32GB address space. The Java Heap base address is the
#     maximum limit for the native heap growth. Please use -XX:HeapBaseMinAddress
#     to set the Java Heap base and to place the Java Heap above 32GB virtual address.
# This output file may be truncated or incomplete.
#
#  Out of Memory Error (virtualSpaceNode.cpp:110), pid=9540, tid=4604
#
# JRE version: Java(TM) SE Runtime Environment (17.0.12+8) (build 17.0.12+8-LTS-286)
# Java VM: Java HotSpot(TM) 64-Bit Server VM (17.0.12+8-LTS-286, mixed mode, sharing, tiered, compressed oops, compressed class ptrs, g1 gc, windows-amd64)
# No core dump will be written. Minidumps are not enabled by default on client versions of Windows
#

---------------  S U M M A R Y ------------

Command Line: -Dfile.encoding=UTF-8 -Ddb2.jcc.charsetDecoderEncoder=3 com.ibm.db2.server.DssLauncher 3000 off c:\Users\user\AppData\Roaming\Code\logs\20250821T135823\window6\exthost\IBM.db2forzosdeveloperextension -Xmx256M

Host: Intel(R) Core(TM) i5-6300U CPU @ 2.40GHz, 4 cores, 11G,  Windows 10 , 64 bit Build 19041 (10.0.19041.5915)
Time: Thu Aug 21 15:35:51 2025 South Africa Standard Time elapsed time: 3.424954 seconds (0d 0h 0m 3s)

---------------  T H R E A D  ---------------

Current thread (0x000001b04372b4f0):  JavaThread "main" [_thread_in_vm, id=4604, stack(0x0000008288c00000,0x0000008288d00000)]

Stack: [0x0000008288c00000,0x0000008288d00000]
Native frames: (J=compiled Java code, j=interpreted, Vv=VM code, C=native code)
V  [jvm.dll+0x67a04a]
V  [jvm.dll+0x7da4ed]
V  [jvm.dll+0x7dbe33]
V  [jvm.dll+0x7dc4a3]
V  [jvm.dll+0x24508f]
V  [jvm.dll+0x7d60bb]
V  [jvm.dll+0x6206c6]
V  [jvm.dll+0x62072a]
V  [jvm.dll+0x622f4d]
V  [jvm.dll+0x621086]
V  [jvm.dll+0x369732]
V  [jvm.dll+0x1e048b]
V  [jvm.dll+0x53f7b5]
V  [jvm.dll+0x1ef3ca]
V  [jvm.dll+0x7547ad]
V  [jvm.dll+0x755bc6]
V  [jvm.dll+0x755ef8]
V  [jvm.dll+0x23d13b]
V  [jvm.dll+0x37d08e]
C  0x000001b05253b750

Java frames: (J=compiled Java code, j=interpreted, Vv=VM code)
j  jdk.internal.reflect.MethodAccessorGenerator.generate(Ljava/lang/Class;Ljava/lang/String;[Ljava/lang/Class;Ljava/lang/Class;[Ljava/lang/Class;IZZLjava/lang/Class;)Ljdk/internal/reflect/MagicAccessorImpl;+6 java.base@17.0.12
j  jdk.internal.reflect.MethodAccessorGenerator.generateConstructor(Ljava/lang/Class;[Ljava/lang/Class;[Ljava/lang/Class;I)Ljdk/internal/reflect/ConstructorAccessor;+14 java.base@17.0.12
j  jdk.internal.reflect.NativeConstructorAccessorImpl.newInstance([Ljava/lang/Object;)Ljava/lang/Object;+87 java.base@17.0.12
j  jdk.internal.reflect.DelegatingConstructorAccessorImpl.newInstance([Ljava/lang/Object;)Ljava/lang/Object;+5 java.base@17.0.12
j  java.lang.reflect.Constructor.newInstanceWithCaller([Ljava/lang/Object;ZLjava/lang/Class;)Ljava/lang/Object;+65 java.base@17.0.12
j  java.lang.reflect.Constructor.newInstance([Ljava/lang/Object;)Ljava/lang/Object;+30 java.base@17.0.12
j  java.lang.reflect.Proxy.newProxyInstance(Ljava/lang/Class;Ljava/lang/reflect/Constructor;Ljava/lang/reflect/InvocationHandler;)Ljava/lang/Object;+21 java.base@17.0.12
j  java.lang.reflect.Proxy.newProxyInstance(Ljava/lang/ClassLoader;[Ljava/lang/Class;Ljava/lang/reflect/InvocationHandler;)Ljava/lang/Object;+31 java.base@17.0.12
j  sun.reflect.annotation.AnnotationParser$1.run()Ljava/lang/annotation/Annotation;+33 java.base@17.0.12
j  sun.reflect.annotation.AnnotationParser$1.run()Ljava/lang/Object;+1 java.base@17.0.12
j  java.security.AccessController.executePrivileged(Ljava/security/PrivilegedAction;Ljava/security/AccessControlContext;Ljava/lang/Class;)Ljava/lang/Object;+29 java.base@17.0.12
j  java.security.AccessController.doPrivileged(Ljava/security/PrivilegedAction;)Ljava/lang/Object;+5 java.base@17.0.12
j  sun.reflect.annotation.AnnotationParser.annotationForMap(Ljava/lang/Class;Ljava/util/Map;)Ljava/lang/annotation/Annotation;+9 java.base@17.0.12
j  sun.reflect.annotation.AnnotationParser.parseAnnotation2(Ljava/nio/ByteBuffer;Ljdk/internal/reflect/ConstantPool;Ljava/lang/Class;Z[Ljava/lang/Class;)Ljava/lang/annotation/Annotation;+267 java.base@17.0.12
j  sun.reflect.annotation.AnnotationParser.parseAnnotations2([BLjdk/internal/reflect/ConstantPool;Ljava/lang/Class;[Ljava/lang/Class;)Ljava/util/Map;+41 java.base@17.0.12
j  sun.reflect.annotation.AnnotationParser.parseAnnotations([BLjdk/internal/reflect/ConstantPool;Ljava/lang/Class;)Ljava/util/Map;+12 java.base@17.0.12
j  java.lang.Class.createAnnotationData(I)Ljava/lang/Class$AnnotationData;+9 java.base@17.0.12
j  java.lang.Class.annotationData()Ljava/lang/Class$AnnotationData;+26 java.base@17.0.12
j  java.lang.Class.getAnnotation(Ljava/lang/Class;)Ljava/lang/annotation/Annotation;+6 java.base@17.0.12
j  org.apache.logging.log4j.core.config.plugins.visitors.PluginVisitors.findVisitor(Ljava/lang/Class;)Lorg/apache/logging/log4j/core/config/plugins/visitors/PluginVisitor;+3
j  org.apache.logging.log4j.core.config.plugins.util.PluginBuilder.generateParameters(Ljava/lang/reflect/Method;)[Ljava/lang/Object;+137
j  org.apache.logging.log4j.core.config.plugins.util.PluginBuilder.build()Ljava/lang/Object;+137
j  org.apache.logging.log4j.core.config.AbstractConfiguration.createPluginObject(Lorg/apache/logging/log4j/core/config/plugins/util/PluginType;Lorg/apache/logging/log4j/core/config/Node;Lorg/apache/logging/log4j/core/LogEvent;)Ljava/lang/Object;+99
j  org.apache.logging.log4j.core.config.AbstractConfiguration.createConfiguration(Lorg/apache/logging/log4j/core/config/Node;Lorg/apache/logging/log4j/core/LogEvent;)V+107
j  org.apache.logging.log4j.core.config.AbstractConfiguration.createConfiguration(Lorg/apache/logging/log4j/core/config/Node;Lorg/apache/logging/log4j/core/LogEvent;)V+67
j  org.apache.logging.log4j.core.config.AbstractConfiguration.doConfigure()V+255
j  org.apache.logging.log4j.core.config.AbstractConfiguration.initialize()V+212
j  org.apache.logging.log4j.core.config.builder.impl.DefaultConfigurationBuilder.build(Z)Lorg/apache/logging/log4j/core/config/builder/impl/BuiltConfiguration;+266
j  org.apache.logging.log4j.core.config.builder.impl.DefaultConfigurationBuilder.build()Lorg/apache/logging/log4j/core/config/builder/impl/BuiltConfiguration;+2
j  org.apache.logging.log4j.core.config.builder.impl.DefaultConfigurationBuilder.build()Ljava/lang/Object;+1
j  com.ibm.db2.util.Logger.initialize(Lorg/apache/logging/log4j/Level;Ljava/lang/String;)V+519
j  com.ibm.db2.server.DssLauncher.main([Ljava/lang/String;)V+28
v  ~StubRoutines::call_stub

---------------  P R O C E S S  ---------------

Threads class SMR info:
_java_thread_list=0x000001b06376aa30, length=12, elements={
0x000001b04372b4f0, 0x000001b0635b8e70, 0x000001b0635b9c00, 0x000001b0635ce7f0,
0x000001b0635d21e0, 0x000001b0635d2ab0, 0x000001b0635d3380, 0x000001b0635d4030,
0x000001b06363ac40, 0x000001b06363d170, 0x000001b0637950d0, 0x000001b0637a3c90
}

Java Threads: ( => current thread )
=>0x000001b04372b4f0 JavaThread "main" [_thread_in_vm, id=4604, stack(0x0000008288c00000,0x0000008288d00000)]
  0x000001b0635b8e70 JavaThread "Reference Handler" daemon [_thread_blocked, id=13052, stack(0x0000008289400000,0x0000008289500000)]
  0x000001b0635b9c00 JavaThread "Finalizer" daemon [_thread_blocked, id=10844, stack(0x0000008289500000,0x0000008289600000)]
  0x000001b0635ce7f0 JavaThread "Signal Dispatcher" daemon [_thread_blocked, id=15724, stack(0x0000008289600000,0x0000008289700000)]
  0x000001b0635d21e0 JavaThread "Attach Listener" daemon [_thread_blocked, id=10884, stack(0x0000008289700000,0x0000008289800000)]
  0x000001b0635d2ab0 JavaThread "Service Thread" daemon [_thread_blocked, id=14372, stack(0x0000008289800000,0x0000008289900000)]
  0x000001b0635d3380 JavaThread "Monitor Deflation Thread" daemon [_thread_blocked, id=11744, stack(0x0000008289900000,0x0000008289a00000)]
  0x000001b0635d4030 JavaThread "C2 CompilerThread0" daemon [_thread_blocked, id=1792, stack(0x0000008289a00000,0x0000008289b00000)]
  0x000001b06363ac40 JavaThread "C1 CompilerThread0" daemon [_thread_blocked, id=1988, stack(0x0000008289b00000,0x0000008289c00000)]
  0x000001b06363d170 JavaThread "Sweeper thread" daemon [_thread_blocked, id=13536, stack(0x0000008289c00000,0x0000008289d00000)]
  0x000001b0637950d0 JavaThread "Notification Thread" daemon [_thread_blocked, id=3824, stack(0x0000008289d00000,0x0000008289e00000)]
  0x000001b0637a3c90 JavaThread "Common-Cleaner" daemon [_thread_blocked, id=11456, stack(0x0000008289f00000,0x000000828a000000)]

Other Threads:
  0x000001b0635b4300 VMThread "VM Thread" [stack: 0x0000008289300000,0x0000008289400000] [id=14308]
  0x000001b0637995d0 WatcherThread [stack: 0x0000008289e00000,0x0000008289f00000] [id=12480]
  0x000001b043783130 GCTaskThread "GC Thread#0" [stack: 0x0000008288e00000,0x0000008288f00000] [id=5404]
  0x000001b06806a180 GCTaskThread "GC Thread#1" [stack: 0x000000828a000000,0x000000828a100000] [id=7956]
  0x000001b06806a440 GCTaskThread "GC Thread#2" [stack: 0x000000828a100000,0x000000828a200000] [id=13908]
  0x000001b06806a700 GCTaskThread "GC Thread#3" [stack: 0x000000828a200000,0x000000828a300000] [id=4116]
  0x000001b043790db0 ConcurrentGCThread "G1 Main Marker" [stack: 0x0000008288f00000,0x0000008289000000] [id=11640]
  0x000001b0437926e0 ConcurrentGCThread "G1 Conc#0" [stack: 0x0000008289000000,0x0000008289100000] [id=5240]
  0x000001b0437f0850 ConcurrentGCThread "G1 Refine#0" [stack: 0x0000008289100000,0x0000008289200000] [id=13768]
  0x000001b0437f1190 ConcurrentGCThread "G1 Service" [stack: 0x0000008289200000,0x0000008289300000] [id=2748]

Threads with active compile tasks:

VM state: not at safepoint (normal execution)

VM Mutex/Monitor currently owned by a thread:  ([mutex/lock_event])
[0x000001b0437241d0] Metaspace_lock - owner thread: 0x000001b04372b4f0

Heap address: 0x0000000741e00000, size: 3042 MB, Compressed Oops mode: Zero based, Oop shift amount: 3

CDS archive(s) mapped at: [0x000001b000000000-0x000001b000bd0000-0x000001b000bd0000), size 12386304, SharedBaseAddress: 0x000001b000000000, ArchiveRelocationMode: 1.
Compressed class space mapped at: 0x000001b001000000-0x000001b041000000, reserved size: 1073741824
Narrow klass base: 0x000001b000000000, Narrow klass shift: 0, Narrow klass range: 0x100000000

GC Precious Log:
 CPUs: 4 total, 4 available
 Memory: 12167M
 Large Page Support: Disabled
 NUMA Support: Disabled
 Compressed Oops: Enabled (Zero based)
 Heap Region Size: 2M
 Heap Min Capacity: 8M
 Heap Initial Capacity: 192M
 Heap Max Capacity: 3042M
 Pre-touch: Disabled
 Parallel Workers: 4
 Concurrent Workers: 1
 Concurrent Refinement Workers: 4
 Periodic GC: Disabled

Heap:
 garbage-first heap   total 196608K, used 5168K [0x0000000741e00000, 0x0000000800000000)
  region size 2048K, 3 young (6144K), 1 survivors (2048K)
 Metaspace       used 4686K, committed 4800K, reserved 1114112K
  class space    used 567K, committed 640K, reserved 1048576K

Heap Regions: E=young(eden), S=young(survivor), O=old, HS=humongous(starts), HC=humongous(continues), CS=collection set, F=free, OA=open archive, CA=closed archive, TAMS=top-at-mark-start (previous, next)
|   0|0x0000000741e00000, 0x0000000741f0c000, 0x0000000742000000| 52%| O|  |TAMS 0x0000000741e00000, 0x0000000741e00000| Untracked 
|   1|0x0000000742000000, 0x0000000742000000, 0x0000000742200000|  0%| F|  |TAMS 0x0000000742000000, 0x0000000742000000| Untracked 
|   2|0x0000000742200000, 0x0000000742200000, 0x0000000742400000|  0%| F|  |TAMS 0x0000000742200000, 0x0000000742200000| Untracked 
|   3|0x0000000742400000, 0x0000000742400000, 0x0000000742600000|  0%| F|  |TAMS 0x0000000742400000, 0x0000000742400000| Untracked 
|   4|0x0000000742600000, 0x0000000742600000, 0x0000000742800000|  0%| F|  |TAMS 0x0000000742600000, 0x0000000742600000| Untracked 
|   5|0x0000000742800000, 0x0000000742800000, 0x0000000742a00000|  0%| F|  |TAMS 0x0000000742800000, 0x0000000742800000| Untracked 
|   6|0x0000000742a00000, 0x0000000742a00000, 0x0000000742c00000|  0%| F|  |TAMS 0x0000000742a00000, 0x0000000742a00000| Untracked 
|   7|0x0000000742c00000, 0x0000000742c00000, 0x0000000742e00000|  0%| F|  |TAMS 0x0000000742c00000, 0x0000000742c00000| Untracked 
|   8|0x0000000742e00000, 0x0000000742e00000, 0x0000000743000000|  0%| F|  |TAMS 0x0000000742e00000, 0x0000000742e00000| Untracked 
|   9|0x0000000743000000, 0x0000000743000000, 0x0000000743200000|  0%| F|  |TAMS 0x0000000743000000, 0x0000000743000000| Untracked 
|  10|0x0000000743200000, 0x0000000743200000, 0x0000000743400000|  0%| F|  |TAMS 0x0000000743200000, 0x0000000743200000| Untracked 
|  11|0x0000000743400000, 0x0000000743400000, 0x0000000743600000|  0%| F|  |TAMS 0x0000000743400000, 0x0000000743400000| Untracked 
|  12|0x0000000743600000, 0x0000000743600000, 0x0000000743800000|  0%| F|  |TAMS 0x0000000743600000, 0x0000000743600000| Untracked 
|  13|0x0000000743800000, 0x0000000743800000, 0x0000000743a00000|  0%| F|  |TAMS 0x0000000743800000, 0x0000000743800000| Untracked 
|  14|0x0000000743a00000, 0x0000000743a00000, 0x0000000743c00000|  0%| F|  |TAMS 0x0000000743a00000, 0x0000000743a00000| Untracked 
|  15|0x0000000743c00000, 0x0000000743c00000, 0x0000000743e00000|  0%| F|  |TAMS 0x0000000743c00000, 0x0000000743c00000| Untracked 
|  16|0x0000000743e00000, 0x0000000743e00000, 0x0000000744000000|  0%| F|  |TAMS 0x0000000743e00000, 0x0000000743e00000| Untracked 
|  17|0x0000000744000000, 0x0000000744000000, 0x0000000744200000|  0%| F|  |TAMS 0x0000000744000000, 0x0000000744000000| Untracked 
|  18|0x0000000744200000, 0x0000000744200000, 0x0000000744400000|  0%| F|  |TAMS 0x0000000744200000, 0x0000000744200000| Untracked 
|  19|0x0000000744400000, 0x0000000744400000, 0x0000000744600000|  0%| F|  |TAMS 0x0000000744400000, 0x0000000744400000| Untracked 
|  20|0x0000000744600000, 0x0000000744600000, 0x0000000744800000|  0%| F|  |TAMS 0x0000000744600000, 0x0000000744600000| Untracked 
|  21|0x0000000744800000, 0x0000000744800000, 0x0000000744a00000|  0%| F|  |TAMS 0x0000000744800000, 0x0000000744800000| Untracked 
|  22|0x0000000744a00000, 0x0000000744a00000, 0x0000000744c00000|  0%| F|  |TAMS 0x0000000744a00000, 0x0000000744a00000| Untracked 
|  23|0x0000000744c00000, 0x0000000744c00000, 0x0000000744e00000|  0%| F|  |TAMS 0x0000000744c00000, 0x0000000744c00000| Untracked 
|  24|0x0000000744e00000, 0x0000000744e00000, 0x0000000745000000|  0%| F|  |TAMS 0x0000000744e00000, 0x0000000744e00000| Untracked 
|  25|0x0000000745000000, 0x0000000745000000, 0x0000000745200000|  0%| F|  |TAMS 0x0000000745000000, 0x0000000745000000| Untracked 
|  26|0x0000000745200000, 0x0000000745200000, 0x0000000745400000|  0%| F|  |TAMS 0x0000000745200000, 0x0000000745200000| Untracked 
|  27|0x0000000745400000, 0x0000000745400000, 0x0000000745600000|  0%| F|  |TAMS 0x0000000745400000, 0x0000000745400000| Untracked 
|  28|0x0000000745600000, 0x0000000745600000, 0x0000000745800000|  0%| F|  |TAMS 0x0000000745600000, 0x0000000745600000| Untracked 
|  29|0x0000000745800000, 0x0000000745800000, 0x0000000745a00000|  0%| F|  |TAMS 0x0000000745800000, 0x0000000745800000| Untracked 
|  30|0x0000000745a00000, 0x0000000745a00000, 0x0000000745c00000|  0%| F|  |TAMS 0x0000000745a00000, 0x0000000745a00000| Untracked 
|  31|0x0000000745c00000, 0x0000000745c00000, 0x0000000745e00000|  0%| F|  |TAMS 0x0000000745c00000, 0x0000000745c00000| Untracked 
|  32|0x0000000745e00000, 0x0000000745e00000, 0x0000000746000000|  0%| F|  |TAMS 0x0000000745e00000, 0x0000000745e00000| Untracked 
|  33|0x0000000746000000, 0x0000000746000000, 0x0000000746200000|  0%| F|  |TAMS 0x0000000746000000, 0x0000000746000000| Untracked 
|  34|0x0000000746200000, 0x0000000746200000, 0x0000000746400000|  0%| F|  |TAMS 0x0000000746200000, 0x0000000746200000| Untracked 
|  35|0x0000000746400000, 0x0000000746400000, 0x0000000746600000|  0%| F|  |TAMS 0x0000000746400000, 0x0000000746400000| Untracked 
|  36|0x0000000746600000, 0x0000000746600000, 0x0000000746800000|  0%| F|  |TAMS 0x0000000746600000, 0x0000000746600000| Untracked 
|  37|0x0000000746800000, 0x0000000746800000, 0x0000000746a00000|  0%| F|  |TAMS 0x0000000746800000, 0x0000000746800000| Untracked 
|  38|0x0000000746a00000, 0x0000000746a00000, 0x0000000746c00000|  0%| F|  |TAMS 0x0000000746a00000, 0x0000000746a00000| Untracked 
|  39|0x0000000746c00000, 0x0000000746c00000, 0x0000000746e00000|  0%| F|  |TAMS 0x0000000746c00000, 0x0000000746c00000| Untracked 
|  40|0x0000000746e00000, 0x0000000746e00000, 0x0000000747000000|  0%| F|  |TAMS 0x0000000746e00000, 0x0000000746e00000| Untracked 
|  41|0x0000000747000000, 0x0000000747000000, 0x0000000747200000|  0%| F|  |TAMS 0x0000000747000000, 0x0000000747000000| Untracked 
|  42|0x0000000747200000, 0x0000000747200000, 0x0000000747400000|  0%| F|  |TAMS 0x0000000747200000, 0x0000000747200000| Untracked 
|  43|0x0000000747400000, 0x0000000747400000, 0x0000000747600000|  0%| F|  |TAMS 0x0000000747400000, 0x0000000747400000| Untracked 
|  44|0x0000000747600000, 0x0000000747600000, 0x0000000747800000|  0%| F|  |TAMS 0x0000000747600000, 0x0000000747600000| Untracked 
|  45|0x0000000747800000, 0x0000000747800000, 0x0000000747a00000|  0%| F|  |TAMS 0x0000000747800000, 0x0000000747800000| Untracked 
|  46|0x0000000747a00000, 0x0000000747a00000, 0x0000000747c00000|  0%| F|  |TAMS 0x0000000747a00000, 0x0000000747a00000| Untracked 
|  47|0x0000000747c00000, 0x0000000747c00000, 0x0000000747e00000|  0%| F|  |TAMS 0x0000000747c00000, 0x0000000747c00000| Untracked 
|  48|0x0000000747e00000, 0x0000000747e00000, 0x0000000748000000|  0%| F|  |TAMS 0x0000000747e00000, 0x0000000747e00000| Untracked 
|  49|0x0000000748000000, 0x0000000748000000, 0x0000000748200000|  0%| F|  |TAMS 0x0000000748000000, 0x0000000748000000| Untracked 
|  50|0x0000000748200000, 0x0000000748200000, 0x0000000748400000|  0%| F|  |TAMS 0x0000000748200000, 0x0000000748200000| Untracked 
|  51|0x0000000748400000, 0x0000000748400000, 0x0000000748600000|  0%| F|  |TAMS 0x0000000748400000, 0x0000000748400000| Untracked 
|  52|0x0000000748600000, 0x0000000748600000, 0x0000000748800000|  0%| F|  |TAMS 0x0000000748600000, 0x0000000748600000| Untracked 
|  53|0x0000000748800000, 0x0000000748800000, 0x0000000748a00000|  0%| F|  |TAMS 0x0000000748800000, 0x0000000748800000| Untracked 
|  54|0x0000000748a00000, 0x0000000748a00000, 0x0000000748c00000|  0%| F|  |TAMS 0x0000000748a00000, 0x0000000748a00000| Untracked 
|  55|0x0000000748c00000, 0x0000000748c00000, 0x0000000748e00000|  0%| F|  |TAMS 0x0000000748c00000, 0x0000000748c00000| Untracked 
|  56|0x0000000748e00000, 0x0000000748e00000, 0x0000000749000000|  0%| F|  |TAMS 0x0000000748e00000, 0x0000000748e00000| Untracked 
|  57|0x0000000749000000, 0x0000000749000000, 0x0000000749200000|  0%| F|  |TAMS 0x0000000749000000, 0x0000000749000000| Untracked 
|  58|0x0000000749200000, 0x0000000749200000, 0x0000000749400000|  0%| F|  |TAMS 0x0000000749200000, 0x0000000749200000| Untracked 
|  59|0x0000000749400000, 0x0000000749400000, 0x0000000749600000|  0%| F|  |TAMS 0x0000000749400000, 0x0000000749400000| Untracked 
|  60|0x0000000749600000, 0x0000000749600000, 0x0000000749800000|  0%| F|  |TAMS 0x0000000749600000, 0x0000000749600000| Untracked 
|  61|0x0000000749800000, 0x0000000749800000, 0x0000000749a00000|  0%| F|  |TAMS 0x0000000749800000, 0x0000000749800000| Untracked 
|  62|0x0000000749a00000, 0x0000000749a00000, 0x0000000749c00000|  0%| F|  |TAMS 0x0000000749a00000, 0x0000000749a00000| Untracked 
|  63|0x0000000749c00000, 0x0000000749c00000, 0x0000000749e00000|  0%| F|  |TAMS 0x0000000749c00000, 0x0000000749c00000| Untracked 
|  64|0x0000000749e00000, 0x0000000749e00000, 0x000000074a000000|  0%| F|  |TAMS 0x0000000749e00000, 0x0000000749e00000| Untracked 
|  65|0x000000074a000000, 0x000000074a000000, 0x000000074a200000|  0%| F|  |TAMS 0x000000074a000000, 0x000000074a000000| Untracked 
|  66|0x000000074a200000, 0x000000074a200000, 0x000000074a400000|  0%| F|  |TAMS 0x000000074a200000, 0x000000074a200000| Untracked 
|  67|0x000000074a400000, 0x000000074a400000, 0x000000074a600000|  0%| F|  |TAMS 0x000000074a400000, 0x000000074a400000| Untracked 
|  68|0x000000074a600000, 0x000000074a600000, 0x000000074a800000|  0%| F|  |TAMS 0x000000074a600000, 0x000000074a600000| Untracked 
|  69|0x000000074a800000, 0x000000074a800000, 0x000000074aa00000|  0%| F|  |TAMS 0x000000074a800000, 0x000000074a800000| Untracked 
|  70|0x000000074aa00000, 0x000000074aa00000, 0x000000074ac00000|  0%| F|  |TAMS 0x000000074aa00000, 0x000000074aa00000| Untracked 
|  71|0x000000074ac00000, 0x000000074ac00000, 0x000000074ae00000|  0%| F|  |TAMS 0x000000074ac00000, 0x000000074ac00000| Untracked 
|  72|0x000000074ae00000, 0x000000074ae00000, 0x000000074b000000|  0%| F|  |TAMS 0x000000074ae00000, 0x000000074ae00000| Untracked 
|  73|0x000000074b000000, 0x000000074b000000, 0x000000074b200000|  0%| F|  |TAMS 0x000000074b000000, 0x000000074b000000| Untracked 
|  74|0x000000074b200000, 0x000000074b200000, 0x000000074b400000|  0%| F|  |TAMS 0x000000074b200000, 0x000000074b200000| Untracked 
|  75|0x000000074b400000, 0x000000074b400000, 0x000000074b600000|  0%| F|  |TAMS 0x000000074b400000, 0x000000074b400000| Untracked 
|  76|0x000000074b600000, 0x000000074b600000, 0x000000074b800000|  0%| F|  |TAMS 0x000000074b600000, 0x000000074b600000| Untracked 
|  77|0x000000074b800000, 0x000000074b800000, 0x000000074ba00000|  0%| F|  |TAMS 0x000000074b800000, 0x000000074b800000| Untracked 
|  78|0x000000074ba00000, 0x000000074ba00000, 0x000000074bc00000|  0%| F|  |TAMS 0x000000074ba00000, 0x000000074ba00000| Untracked 
|  79|0x000000074bc00000, 0x000000074bc00000, 0x000000074be00000|  0%| F|  |TAMS 0x000000074bc00000, 0x000000074bc00000| Untracked 
|  80|0x000000074be00000, 0x000000074be00000, 0x000000074c000000|  0%| F|  |TAMS 0x000000074be00000, 0x000000074be00000| Untracked 
|  81|0x000000074c000000, 0x000000074c000000, 0x000000074c200000|  0%| F|  |TAMS 0x000000074c000000, 0x000000074c000000| Untracked 
|  82|0x000000074c200000, 0x000000074c200000, 0x000000074c400000|  0%| F|  |TAMS 0x000000074c200000, 0x000000074c200000| Untracked 
|  83|0x000000074c400000, 0x000000074c400000, 0x000000074c600000|  0%| F|  |TAMS 0x000000074c400000, 0x000000074c400000| Untracked 
|  84|0x000000074c600000, 0x000000074c600000, 0x000000074c800000|  0%| F|  |TAMS 0x000000074c600000, 0x000000074c600000| Untracked 
|  85|0x000000074c800000, 0x000000074c800000, 0x000000074ca00000|  0%| F|  |TAMS 0x000000074c800000, 0x000000074c800000| Untracked 
|  86|0x000000074ca00000, 0x000000074ca00000, 0x000000074cc00000|  0%| F|  |TAMS 0x000000074ca00000, 0x000000074ca00000| Untracked 
|  87|0x000000074cc00000, 0x000000074cc00000, 0x000000074ce00000|  0%| F|  |TAMS 0x000000074cc00000, 0x000000074cc00000| Untracked 
|  88|0x000000074ce00000, 0x000000074ce00000, 0x000000074d000000|  0%| F|  |TAMS 0x000000074ce00000, 0x000000074ce00000| Untracked 
|  89|0x000000074d000000, 0x000000074d200000, 0x000000074d200000|100%| S|CS|TAMS 0x000000074d000000, 0x000000074d000000| Complete 
|  90|0x000000074d200000, 0x000000074d200000, 0x000000074d400000|  0%| F|  |TAMS 0x000000074d200000, 0x000000074d200000| Untracked 
|  91|0x000000074d400000, 0x000000074d400000, 0x000000074d600000|  0%| F|  |TAMS 0x000000074d400000, 0x000000074d400000| Untracked 
|  92|0x000000074d600000, 0x000000074d600000, 0x000000074d800000|  0%| F|  |TAMS 0x000000074d600000, 0x000000074d600000| Untracked 
|  93|0x000000074d800000, 0x000000074d800000, 0x000000074da00000|  0%| F|  |TAMS 0x000000074d800000, 0x000000074d800000| Untracked 
|  94|0x000000074da00000, 0x000000074da65230, 0x000000074dc00000| 19%| E|  |TAMS 0x000000074da00000, 0x000000074da00000| Complete 
|  95|0x000000074dc00000, 0x000000074de00000, 0x000000074de00000|100%| E|CS|TAMS 0x000000074dc00000, 0x000000074dc00000| Complete 

Card table byte_map: [0x000001b05a5f0000,0x000001b05abf0000] _byte_map_base: 0x000001b056be1000

Marking Bits (Prev, Next): (CMBitMap*) 0x000001b043784670, (CMBitMap*) 0x000001b0437846b0
 Prev Bits: [0x000001b05b1f0000, 0x000001b05e178000)
 Next Bits: [0x000001b05e180000, 0x000001b061108000)

Polling page: 0x000001b041680000

Metaspace:

Usage:
  Non-class:      4.02 MB used.
      Class:    567.48 KB used.
       Both:      4.58 MB used.

Virtual space:
  Non-class space:       64.00 MB reserved,       4.06 MB (  6%) committed,  1 nodes.
      Class space:        1.00 GB reserved,     640.00 KB ( <1%) committed,  1 nodes.
             Both:        1.06 GB reserved,       4.69 MB ( <1%) committed. 

Chunk freelists:
   Non-Class:  9.81 MB
       Class:  15.36 MB
        Both:  25.17 MB

MaxMetaspaceSize: unlimited
CompressedClassSpaceSize: 1.00 GB
Initial GC threshold: 21.00 MB
Current GC threshold: 21.00 MB
CDS: on
MetaspaceReclaimPolicy: balanced
 - commit_granule_bytes: 65536.
 - commit_granule_words: 8192.
 - virtual_space_node_default_size: 8388608.
 - enlarge_chunks_in_place: 1.
 - new_chunks_are_fully_committed: 0.
 - uncommit_free_chunks: 1.
 - use_allocation_guard: 0.
 - handle_deallocations: 1.


Internal statistics:

num_allocs_failed_limit: 0.
num_arena_births: 44.
num_arena_deaths: 0.
num_vsnodes_births: 2.
num_vsnodes_deaths: 0.
num_space_committed: 75.
num_space_uncommitted: 0.
num_chunks_returned_to_freelist: 0.
num_chunks_taken_from_freelist: 160.
num_chunk_merges: 0.
num_chunk_splits: 116.
num_chunks_enlarged: 93.
num_inconsistent_stats: 0.

CodeHeap 'non-profiled nmethods': size=120000Kb used=238Kb max_used=238Kb free=119761Kb
 bounds [0x000001b052ac0000, 0x000001b052d30000, 0x000001b059ff0000]
CodeHeap 'profiled nmethods': size=120000Kb used=1566Kb max_used=1566Kb free=118433Kb
 bounds [0x000001b04aff0000, 0x000001b04b260000, 0x000001b052520000]
CodeHeap 'non-nmethods': size=5760Kb used=1138Kb max_used=1162Kb free=4621Kb
 bounds [0x000001b052520000, 0x000001b052790000, 0x000001b052ac0000]
 total_blobs=1301 nmethods=875 adapters=339
 compilation: enabled
              stopped_count=0, restarted_count=0
 full_count=0

Compilation events (20 events):
Event: 3.408 Thread 0x000001b06363ac40  865       3       jdk.internal.org.objectweb.asm.Edge::<init> (20 bytes)
Event: 3.409 Thread 0x000001b06363ac40 nmethod 865 0x000001b04b172f10 code [0x000001b04b1730c0, 0x000001b04b1732f8]
Event: 3.413 Thread 0x000001b06363ac40  866       3       java.lang.Class::reflectionData (43 bytes)
Event: 3.413 Thread 0x000001b06363ac40 nmethod 866 0x000001b04b173390 code [0x000001b04b173560, 0x000001b04b173978]
Event: 3.414 Thread 0x000001b06363ac40  867       3       jdk.internal.reflect.ConstantPool::getUTF8At (10 bytes)
Event: 3.414 Thread 0x000001b06363ac40 nmethod 867 0x000001b04b173a90 code [0x000001b04b173c20, 0x000001b04b173d68]
Event: 3.416 Thread 0x000001b06363ac40  869       3       java.util.ImmutableCollections$MapN::get (35 bytes)
Event: 3.416 Thread 0x000001b06363ac40 nmethod 869 0x000001b04b173e10 code [0x000001b04b173fe0, 0x000001b04b174398]
Event: 3.416 Thread 0x000001b06363ac40  870       3       java.lang.PublicMethods$MethodList::merge (192 bytes)
Event: 3.418 Thread 0x000001b06363ac40 nmethod 870 0x000001b04b174510 code [0x000001b04b174780, 0x000001b04b1752a8]
Event: 3.418 Thread 0x000001b06363ac40  871       3       jdk.internal.org.objectweb.asm.MethodWriter::visitTryCatchBlock (67 bytes)
Event: 3.418 Thread 0x000001b06363ac40 nmethod 871 0x000001b04b175690 code [0x000001b04b175880, 0x000001b04b175f68]
Event: 3.418 Thread 0x000001b06363ac40  872       3       jdk.internal.org.objectweb.asm.Handler::<init> (32 bytes)
Event: 3.419 Thread 0x000001b06363ac40 nmethod 872 0x000001b04b176190 code [0x000001b04b176340, 0x000001b04b176638]
Event: 3.419 Thread 0x000001b06363ac40  873       3       java.lang.reflect.ProxyGenerator::dotToSlash (9 bytes)
Event: 3.419 Thread 0x000001b06363ac40 nmethod 873 0x000001b04b176710 code [0x000001b04b1768a0, 0x000001b04b1769c8]
Event: 3.420 Thread 0x000001b06363ac40  874       3       java.lang.StringLatin1::inflate (34 bytes)
Event: 3.420 Thread 0x000001b06363ac40 nmethod 874 0x000001b04b176a90 code [0x000001b04b176c40, 0x000001b04b176e58]
Event: 3.421 Thread 0x000001b06363ac40  875       3       java.lang.Class::forName (47 bytes)
Event: 3.421 Thread 0x000001b06363ac40 nmethod 875 0x000001b04b177010 code [0x000001b04b177200, 0x000001b04b1777a8]

GC Heap History (2 events):
Event: 2.905 GC heap before
{Heap before GC invocations=0 (full 0):
 garbage-first heap   total 196608K, used 10240K [0x0000000741e00000, 0x0000000800000000)
  region size 2048K, 6 young (12288K), 0 survivors (0K)
 Metaspace       used 3872K, committed 4096K, reserved 1114112K
  class space    used 456K, committed 576K, reserved 1048576K
}
Event: 2.957 GC heap after
{Heap after GC invocations=1 (full 0):
 garbage-first heap   total 196608K, used 3120K [0x0000000741e00000, 0x0000000800000000)
  region size 2048K, 1 young (2048K), 1 survivors (2048K)
 Metaspace       used 3872K, committed 4096K, reserved 1114112K
  class space    used 456K, committed 576K, reserved 1048576K
}

Deoptimization events (4 events):
Event: 1.689 Thread 0x000001b04372b4f0 Uncommon trap: trap_request=0xffffff45 fr.pc=0x000001b052ac3e40 relative=0x0000000000000600
Event: 1.689 Thread 0x000001b04372b4f0 Uncommon trap: reason=unstable_if action=reinterpret pc=0x000001b052ac3e40 method=java.util.zip.ZipFile$Source.checkAndAddEntry(II)I @ 50 c2
Event: 1.689 Thread 0x000001b04372b4f0 DEOPT PACKING pc=0x000001b052ac3e40 sp=0x0000008288cfc1e0
Event: 1.689 Thread 0x000001b04372b4f0 DEOPT UNPACKING pc=0x000001b0525723a3 sp=0x0000008288cfc150 mode 2

Classes unloaded (0 events):
No events

Classes redefined (0 events):
No events

Internal exceptions (10 events):
Event: 1.706 Thread 0x000001b04372b4f0 Exception <a 'java/lang/NoSuchMethodError'{0x000000074da3fdc0}: 'void java.lang.invoke.DirectMethodHandle$Holder.invokeStatic(java.lang.Object, java.lang.Object, java.lang.Object)'> (0x000000074da3fdc0) 
thrown [s\open\src\hotspot\share\interpreter\linkResolver.cpp, line 759]
Event: 1.727 Thread 0x000001b04372b4f0 Exception <a 'java/lang/NoSuchMethodError'{0x000000074dab1420}: 'void java.lang.invoke.DirectMethodHandle$Holder.invokeSpecial(java.lang.Object, java.lang.Object, java.lang.Object, java.lang.Object, java.lang.Object)'> (0x000000074dab1420) 
thrown [s\open\src\hotspot\share\interpreter\linkResolver.cpp, line 759]
Event: 2.265 Thread 0x000001b04372b4f0 Exception <a 'java/lang/NoSuchMethodError'{0x000000074d646740}: 'java.lang.Object java.lang.invoke.DirectMethodHandle$Holder.invokeStaticInit(java.lang.Object)'> (0x000000074d646740) 
thrown [s\open\src\hotspot\share\interpreter\linkResolver.cpp, line 759]
Event: 2.319 Thread 0x000001b04372b4f0 Exception <a 'java/lang/NoSuchMethodError'{0x000000074d668ab0}: 'int java.lang.invoke.DirectMethodHandle$Holder.invokeSpecial(java.lang.Object, java.lang.Object, java.lang.Object)'> (0x000000074d668ab0) 
thrown [s\open\src\hotspot\share\interpreter\linkResolver.cpp, line 759]
Event: 2.391 Thread 0x000001b04372b4f0 Exception <a 'java/lang/NoSuchMethodError'{0x000000074d70ab48}: 'void java.lang.invoke.DirectMethodHandle$Holder.invokeStatic(java.lang.Object, java.lang.Object, java.lang.Object, java.lang.Object)'> (0x000000074d70ab48) 
thrown [s\open\src\hotspot\share\interpreter\linkResolver.cpp, line 759]
Event: 2.393 Thread 0x000001b04372b4f0 Exception <a 'java/lang/NoSuchMethodError'{0x000000074d70e7f0}: 'void java.lang.invoke.DirectMethodHandle$Holder.invokeStaticInit(java.lang.Object, java.lang.Object, java.lang.Object, java.lang.Object)'> (0x000000074d70e7f0) 
thrown [s\open\src\hotspot\share\interpreter\linkResolver.cpp, line 759]
Event: 2.531 Thread 0x000001b04372b4f0 Exception <a 'java/lang/NoSuchMethodError'{0x000000074d7fd9a0}: 'java.lang.Object java.lang.invoke.DirectMethodHandle$Holder.invokeInterface(java.lang.Object, java.lang.Object)'> (0x000000074d7fd9a0) 
thrown [s\open\src\hotspot\share\interpreter\linkResolver.cpp, line 759]
Event: 2.536 Thread 0x000001b04372b4f0 Exception <a 'java/lang/NoSuchMethodError'{0x000000074d409060}: 'java.lang.Object java.lang.invoke.Invokers$Holder.invokeExact_MT(java.lang.Object, java.lang.Object, java.lang.Object, java.lang.Object, java.lang.Object, java.lang.Object)'> (0x000000074d409060) 
thrown [s\open\src\hotspot\share\interpreter\linkResolver.cpp, line 759]
Event: 2.998 Thread 0x000001b04372b4f0 Exception <a 'java/lang/NoSuchMethodError'{0x000000074dcbabd0}: 'java.lang.Object java.lang.invoke.DirectMethodHandle$Holder.newInvokeSpecial(java.lang.Object, long, int, java.lang.Object)'> (0x000000074dcbabd0) 
thrown [s\open\src\hotspot\share\interpreter\linkResolver.cpp, line 759]
Event: 3.230 Thread 0x000001b04372b4f0 Exception <a 'java/lang/NoSuchMethodError'{0x000000074dd82e28}: 'java.lang.Object java.lang.invoke.DirectMethodHandle$Holder.newInvokeSpecial(java.lang.Object, java.lang.Object, java.lang.Object, java.lang.Object, java.lang.Object)'> (0x000000074dd82e28) 
thrown [s\open\src\hotspot\share\interpreter\linkResolver.cpp, line 759]

VM Operations (6 events):
Event: 1.573 Executing VM operation: Cleanup
Event: 1.573 Executing VM operation: Cleanup done
Event: 2.584 Executing VM operation: Cleanup
Event: 2.585 Executing VM operation: Cleanup done
Event: 2.905 Executing VM operation: G1CollectForAllocation
Event: 2.957 Executing VM operation: G1CollectForAllocation done

Events (20 events):
Event: 3.322 loading class java/lang/reflect/WildcardType
Event: 3.322 loading class java/lang/reflect/WildcardType done
Event: 3.323 loading class sun/reflect/generics/reflectiveObjects/WildcardTypeImpl done
Event: 3.388 loading class java/security/Provider
Event: 3.388 loading class java/security/Provider done
Event: 3.399 loading class java/lang/Deprecated
Event: 3.399 loading class java/lang/Deprecated done
Event: 3.421 loading class jdk/internal/reflect/MethodAccessorGenerator
Event: 3.421 loading class jdk/internal/reflect/AccessorGenerator
Event: 3.421 loading class jdk/internal/reflect/ClassFileConstants
Event: 3.421 loading class jdk/internal/reflect/ClassFileConstants done
Event: 3.421 loading class jdk/internal/reflect/AccessorGenerator done
Event: 3.421 loading class jdk/internal/reflect/MethodAccessorGenerator done
Event: 3.422 loading class jdk/internal/reflect/ByteVectorFactory
Event: 3.422 loading class jdk/internal/reflect/ByteVectorFactory done
Event: 3.422 loading class jdk/internal/reflect/ByteVectorImpl
Event: 3.422 loading class jdk/internal/reflect/ByteVector
Event: 3.422 loading class jdk/internal/reflect/ByteVector done
Event: 3.422 loading class jdk/internal/reflect/ByteVectorImpl done
Event: 3.422 loading class jdk/internal/reflect/ClassFileAssembler


Dynamic libraries:
0x00007ff6a6490000 - 0x00007ff6a64a0000 	C:\Program Files\Java\jdk-17\bin\java.exe
0x00007ff9d9110000 - 0x00007ff9d9308000 	C:\Windows\SYSTEM32\ntdll.dll
0x00007ff9d7470000 - 0x00007ff9d7532000 	C:\Windows\System32\KERNEL32.DLL
0x00007ff9d68d0000 - 0x00007ff9d6bc7000 	C:\Windows\System32\KERNELBASE.dll
0x00007ff9d67a0000 - 0x00007ff9d68a0000 	C:\Windows\System32\ucrtbase.dll
0x00007ff9ccdc0000 - 0x00007ff9ccdd9000 	C:\Program Files\Java\jdk-17\bin\jli.dll
0x00007ff9d87f0000 - 0x00007ff9d88a1000 	C:\Windows\System32\ADVAPI32.dll
0x00007ff9d73d0000 - 0x00007ff9d746e000 	C:\Windows\System32\msvcrt.dll
0x00007ff9d8730000 - 0x00007ff9d87cf000 	C:\Windows\System32\sechost.dll
0x00007ff9d7270000 - 0x00007ff9d7396000 	C:\Windows\System32\RPCRT4.dll
0x00007ff9d6eb0000 - 0x00007ff9d6ed7000 	C:\Windows\System32\bcrypt.dll
0x00007ff9d88b0000 - 0x00007ff9d8a4d000 	C:\Windows\System32\USER32.dll
0x00007ff9d68a0000 - 0x00007ff9d68c2000 	C:\Windows\System32\win32u.dll
0x00007ff9d73a0000 - 0x00007ff9d73cb000 	C:\Windows\System32\GDI32.dll
0x00007ff9d6f60000 - 0x00007ff9d7079000 	C:\Windows\System32\gdi32full.dll
0x00007ff9d6e10000 - 0x00007ff9d6ead000 	C:\Windows\System32\msvcp_win.dll
0x00007ff9ca120000 - 0x00007ff9ca13b000 	C:\Program Files\Java\jdk-17\bin\VCRUNTIME140.dll
0x00007ff9bf160000 - 0x00007ff9bf3fa000 	C:\Windows\WinSxS\amd64_microsoft.windows.common-controls_6595b64144ccf1df_6.0.19041.5915_none_60b4b9d171f9c7c7\COMCTL32.dll
0x00007ff9cc710000 - 0x00007ff9cc71a000 	C:\Windows\SYSTEM32\VERSION.dll
0x00007ff9d8c00000 - 0x00007ff9d8c2f000 	C:\Windows\System32\IMM32.DLL
0x00007ff9cb440000 - 0x00007ff9cb44c000 	C:\Program Files\Java\jdk-17\bin\vcruntime140_1.dll
0x00007ff9af160000 - 0x00007ff9af1ee000 	C:\Program Files\Java\jdk-17\bin\msvcp140.dll
0x00007ff9783d0000 - 0x00007ff978fb0000 	C:\Program Files\Java\jdk-17\bin\server\jvm.dll
0x00007ff9d7540000 - 0x00007ff9d7548000 	C:\Windows\System32\PSAPI.DLL
0x00007ff9ab190000 - 0x00007ff9ab199000 	C:\Windows\SYSTEM32\WSOCK32.dll
0x00007ff9d9000000 - 0x00007ff9d906b000 	C:\Windows\System32\WS2_32.dll
0x00007ff9c1c90000 - 0x00007ff9c1cb7000 	C:\Windows\SYSTEM32\WINMM.dll
0x00007ff9d4fb0000 - 0x00007ff9d4fc2000 	C:\Windows\SYSTEM32\kernel.appcore.dll
0x00007ff9c4ae0000 - 0x00007ff9c4aea000 	C:\Program Files\Java\jdk-17\bin\jimage.dll
0x00007ff9d0b00000 - 0x00007ff9d0d01000 	C:\Windows\SYSTEM32\DBGHELP.DLL
0x00007ff9bfb80000 - 0x00007ff9bfbb4000 	C:\Windows\SYSTEM32\dbgcore.DLL
0x00007ff9d6bd0000 - 0x00007ff9d6c52000 	C:\Windows\System32\bcryptPrimitives.dll
0x00007ff9ae690000 - 0x00007ff9ae6b5000 	C:\Program Files\Java\jdk-17\bin\java.dll
0x00007ff9ae510000 - 0x00007ff9ae5e7000 	C:\Program Files\Java\jdk-17\bin\jsvml.dll
0x00007ff9d77a0000 - 0x00007ff9d7f0e000 	C:\Windows\System32\SHELL32.dll
0x00007ff9d4800000 - 0x00007ff9d4fa4000 	C:\Windows\SYSTEM32\windows.storage.dll
0x00007ff9d8c40000 - 0x00007ff9d8f93000 	C:\Windows\System32\combase.dll
0x00007ff9d6160000 - 0x00007ff9d618b000 	C:\Windows\SYSTEM32\Wldp.dll
0x00007ff9d8380000 - 0x00007ff9d844d000 	C:\Windows\System32\OLEAUT32.dll
0x00007ff9d85a0000 - 0x00007ff9d864d000 	C:\Windows\System32\SHCORE.dll
0x00007ff9d7210000 - 0x00007ff9d726b000 	C:\Windows\System32\shlwapi.dll
0x00007ff9d66d0000 - 0x00007ff9d66f4000 	C:\Windows\SYSTEM32\profapi.dll
0x00007ff9b53d0000 - 0x00007ff9b53e9000 	C:\Program Files\Java\jdk-17\bin\net.dll
0x00007ff9c4050000 - 0x00007ff9c415a000 	C:\Windows\SYSTEM32\WINHTTP.dll
0x00007ff9d5e60000 - 0x00007ff9d5eca000 	C:\Windows\system32\mswsock.dll
0x00007ff9b53b0000 - 0x00007ff9b53c6000 	C:\Program Files\Java\jdk-17\bin\nio.dll
0x00007ff9b5390000 - 0x00007ff9b53a8000 	C:\Program Files\Java\jdk-17\bin\zip.dll
0x00007ff9c1190000 - 0x00007ff9c119a000 	C:\Program Files\Java\jdk-17\bin\management.dll
0x00007ff9ba500000 - 0x00007ff9ba50b000 	C:\Program Files\Java\jdk-17\bin\management_ext.dll

dbghelp: loaded successfully - version: 4.0.5 - missing functions: none
symbol engine: initialized successfully - sym options: 0x614 - pdb path: .;C:\Program Files\Java\jdk-17\bin;C:\Windows\SYSTEM32;C:\Windows\WinSxS\amd64_microsoft.windows.common-controls_6595b64144ccf1df_6.0.19041.5915_none_60b4b9d171f9c7c7;C:\Program Files\Java\jdk-17\bin\server

VM Arguments:
jvm_args: -Dfile.encoding=UTF-8 -Ddb2.jcc.charsetDecoderEncoder=3 
java_command: com.ibm.db2.server.DssLauncher 3000 off c:\Users\user\AppData\Roaming\Code\logs\20250821T135823\window6\exthost\IBM.db2forzosdeveloperextension -Xmx256M
java_class_path (initial): c:\Users\user\.vscode\extensions\ibm.db2forzosdeveloperextension-2.2.3\dist\dss-dist-2.2.3.jar;;c:\Users\user\.vscode\extensions\ibm.db2forzosdeveloperextension-2.2.3\lib\db2jcc4.jar;c:\Users\user\.vscode\extensions\ibm.db2forzosdeveloperextension-2.2.3\lib\sqlj4.zip
Launcher Type: SUN_STANDARD

[Global flags]
     intx CICompilerCount                          = 3                                         {product} {ergonomic}
     uint ConcGCThreads                            = 1                                         {product} {ergonomic}
     uint G1ConcRefinementThreads                  = 4                                         {product} {ergonomic}
   size_t G1HeapRegionSize                         = 2097152                                   {product} {ergonomic}
    uintx GCDrainStackTargetSize                   = 64                                        {product} {ergonomic}
   size_t InitialHeapSize                          = 201326592                                 {product} {ergonomic}
   size_t MarkStackSize                            = 4194304                                   {product} {ergonomic}
   size_t MaxHeapSize                              = 3189768192                                {product} {ergonomic}
   size_t MaxNewSize                               = 1912602624                                {product} {ergonomic}
   size_t MinHeapDeltaBytes                        = 2097152                                   {product} {ergonomic}
   size_t MinHeapSize                              = 8388608                                   {product} {ergonomic}
    uintx NonNMethodCodeHeapSize                   = 5832780                                {pd product} {ergonomic}
    uintx NonProfiledCodeHeapSize                  = 122912730                              {pd product} {ergonomic}
    uintx ProfiledCodeHeapSize                     = 122912730                              {pd product} {ergonomic}
    uintx ReservedCodeCacheSize                    = 251658240                              {pd product} {ergonomic}
     bool SegmentedCodeCache                       = true                                      {product} {ergonomic}
   size_t SoftMaxHeapSize                          = 3189768192                             {manageable} {ergonomic}
     bool UseCompressedClassPointers               = true                           {product lp64_product} {ergonomic}
     bool UseCompressedOops                        = true                           {product lp64_product} {ergonomic}
     bool UseG1GC                                  = true                                      {product} {ergonomic}
     bool UseLargePagesIndividualAllocation        = false                                  {pd product} {ergonomic}

Logging:
Log output configuration:
 #0: stdout all=warning uptime,level,tags
 #1: stderr all=off uptime,level,tags

Environment Variables:
JAVA_HOME=C:\Program Files\Java\jdk-17
PATH=C:\Program Files\Common Files\Oracle\Java\javapath;C:\Program Files (x86)\Common Files\Oracle\Java\java8path;C:\Program Files (x86)\Common Files\Oracle\Java\javapath;C:\Program Files\Eclipse Adoptium\jdk-21.0.5.11-hotspot\bin;C:\Users\user\AppData\Local\Programs\Python\Python312\Scripts\;C:\Users\user\AppData\Local\Programs\Python\Python312\;C:\Program Files (x86)\NVIDIA Corporation\PhysX\Common;C:\Program Files (x86)\Common Files\Intel\Shared Libraries\redist\intel64_win\compiler;C:\Windows\system32;C:\Windows;C:\Windows\System32\Wbem;C:\Windows\System32\WindowsPowerShell\v1.0\;C:\Windows\System32\OpenSSH\;C:\Program Files\Microsoft SQL Server\120\Tools\Binn\;C:\Program Files\Common Files\Autodesk Shared\;C:\Program Files (x86)\Intel\Intel(R) Management Engine Components\DAL;C:\Program Files\Intel\Intel(R) Management Engine Components\DAL;C:\Program Files\Git\cmd;C:\Program Files (x86)\nodejs\;C:\ProgramData\chocolatey\bin;C:\Program Files\PuTTY\;C:\Program Files\Docker\Docker\resources\bin;C:\Program Files (x86)\Windows Kits\10\Windows Performance Toolkit\;C:\Users\user\Desktop\FDx SDK Pro for Windows v4.3.1_J1.12\FDx SDK Pro for Windows v4.3.1\bin\x64\;C:\Program Files\dotnet\;C:\Program Files\Java\jdk-17\bin;C:\gradle-8.13\bin;C:\Users\user\AppData\flutter_windows_3.29.2-stable\flutter\bin;C:\Users\user\AppData\flutter_windows_3.29.2-stable\flutter\bin\cache\dart-sdk\bin;C:\Users\user\AppData\Local\Android\Sdk\platform-tools;C:\Users\user\AppData\Local\Android\Sdk\tools;C:\Users\user\AppData\Local\Android\Sdk\tools\bin;C:\Users\user\AppData\Local\Android\Sdk\cmdline-tools\latest\bin;C:\Program Files\GTK3-Runtime Win64\bin;C:\Program Files\GTK3-Runtime Win64\bin;C:\Program Files\Go\bin;C:\Users\user\AppData\Local\Programs\Python\Python311\;C:\Users\user\AppData\Local\Programs\Python\Python311\python.exe;C:\Users\user\AppData\Local\Programs\Python\Python311\Scripts\;C:\Users\user\AppData\Local\Programs\Python\Python311\;C:\Program Files\MySQL\MySQL Shell 8.0\bin
USERNAME=Branis
OS=Windows_NT
PROCESSOR_IDENTIFIER=Intel64 Family 6 Model 78 Stepping 3, GenuineIntel



---------------  S Y S T E M  ---------------

OS:
 Windows 10 , 64 bit Build 19041 (10.0.19041.5915)
OS uptime: 0 days 1:44 hours

CPU: total 4 (initial active 4) (2 cores per cpu, 2 threads per core) family 6 model 78 stepping 3 microcode 0xf0, cx8, cmov, fxsr, ht, mmx, 3dnowpref, sse, sse2, sse3, ssse3, sse4.1, sse4.2, popcnt, lzcnt, tsc, tscinvbit, avx, avx2, aes, erms, clmul, bmi1, bmi2, rtm, adx, fma, vzeroupper, clflush, clflushopt

Memory: 4k page, system-wide physical 12167M (1941M free)
TotalPageFile size 12167M (AvailPageFile size 30M)
current process WorkingSet (physical memory assigned to process): 60M, peak: 60M
current process commit charge ("private bytes"): 277M, peak: 277M

vm_info: Java HotSpot(TM) 64-Bit Server VM (17.0.12+8-LTS-286) for windows-amd64 JRE (17.0.12+8-LTS-286), built on Jun  5 2024 06:46:59 by "mach5one" with MS VC++ 17.6 (VS2022)

END.
